INFO:root:boot.log copied 
INFO:root:Copy completed 
2021-07-13 22:10:21,123 - boot.log copied 
2021-07-13 22:10:21,123 - Copy completed 
2021-07-13 22:10:51,241 - boot.log copied 
2021-07-13 22:10:51,241 - Copy completed 
2021-07-14 11:01:43,028 - boot.log copied
2021-07-14 11:01:43,029 - Copy completed
2021-07-14 11:07:29,807 - boot.log copied
2021-07-14 11:07:29,807 - Copy completed
2021-07-14 11:52:53,886 - boot.log copied
2021-07-14 11:52:53,886 - Copy completed
2021-07-14 13:27:21,605 - boot.log copied
2021-07-14 13:27:21,605 - Copy completed
2021-07-14 13:30:21,899 - boot.log copied
2021-07-14 13:30:21,904 - file_for_test.txt copied
2021-07-14 13:30:21,904 - Copy completed
2021-07-14 20:46:30,434 - Source does not exist
2021-07-14 20:46:30,434 - Copy completed
2021-07-14 20:47:08,771 - Source does not exist
2021-07-14 20:47:08,771 - Copy completed1
2021-07-14 20:47:51,557 - Source does not exist
2021-07-14 20:47:51,557 - Source does not exist
2021-07-14 20:47:51,557 - Source does not exist
2021-07-14 20:47:51,557 - Copy completed
2021-07-14 20:53:20,727 - Source does not exist
2021-07-14 20:53:20,727 - Source does not exist
2021-07-14 20:53:20,727 - Source does not exist
2021-07-14 20:53:20,727 - End of work
2021-07-14 22:06:56,958 - File does not exist
2021-07-14 22:06:56,964 - End of work
2021-07-14 22:08:00,101 - File does not exist
2021-07-14 22:08:00,101 - End of work
2021-07-14 22:10:02,366 - file_for_test.txt copied
2021-07-14 22:10:02,366 - End of work
2021-07-14 22:10:13,570 - file_for_test.txt copied
2021-07-14 22:10:13,570 - End of work
2021-07-14 22:16:42,707 - file_for_test.txt copied
2021-07-14 22:16:42,707 - End of work
2021-07-14 22:18:23,816 - file_for_test.txt copied
2021-07-14 22:18:23,816 - End of work
2021-07-14 22:19:32,601 - 0.txt copied
2021-07-14 22:19:32,602 - 1.txt copied
2021-07-14 22:19:32,602 - 2.txt copied
2021-07-14 22:19:32,602 - End of work
2021-07-14 22:20:29,306 - 0.txt copied
2021-07-14 22:20:29,307 - 1.txt copied
2021-07-14 22:20:29,307 - 2.txt copied
2021-07-14 22:20:29,307 - End of work
